<?xml version="1.0" encoding="UTF-8"?>
<!-- Generated by org.testng.reporters.JUnitReportReporter -->
<testsuite skipped="0" hostname="VIN-PC" name="runner.HondaRunner" tests="1" failures="0" timestamp="2020-06-20T18:53:26 IST" time="64.500" errors="0">
  <testcase name="runScenario" time="64.500" classname="runner.HondaRunner"/>
  <system-out/>
</testsuite> <!-- runner.HondaRunner -->
