<?xml version="1.0" encoding="UTF-8"?>
<!-- Generated by org.testng.reporters.JUnitReportReporter -->
<testsuite skipped="0" hostname="VIN-PC" name="runner.LenskartRunner" tests="1" failures="0" timestamp="2020-06-24T22:51:40 IST" time="76.218" errors="0">
  <testcase name="runScenario" time="76.218" classname="runner.LenskartRunner"/>
  <system-out/>
</testsuite> <!-- runner.LenskartRunner -->
