<?xml version="1.0" encoding="UTF-8"?>
<!-- Generated by org.testng.reporters.JUnitReportReporter -->
<testsuite skipped="3" hostname="VIN-PC" name="runner.BigBasketExamplesRunner" tests="3" failures="0" timestamp="2020-06-15T21:37:47 IST" time="0.976" errors="0">
  <testcase name="runScenario" time="0.954" classname="runner.BigBasketExamplesRunner">
    <skipped/>
  </testcase> <!-- runScenario -->
  <system-out/>
  <testcase name="runScenario" time="0.007" classname="runner.BigBasketExamplesRunner">
    <skipped/>
  </testcase> <!-- runScenario -->
  <system-out/>
  <testcase name="runScenario" time="0.015" classname="runner.BigBasketExamplesRunner">
    <skipped/>
  </testcase> <!-- runScenario -->
  <system-out/>
</testsuite> <!-- runner.BigBasketExamplesRunner -->
