<?xml version="1.0" encoding="UTF-8"?>
<!-- Generated by org.testng.reporters.JUnitReportReporter -->
<testsuite skipped="0" hostname="VIN-PC" name="runner.BikeWaleRunner" tests="1" failures="0" timestamp="2020-06-24T14:16:21 IST" time="55.744" errors="0">
  <testcase name="runScenario" time="55.744" classname="runner.BikeWaleRunner"/>
  <system-out/>
</testsuite> <!-- runner.BikeWaleRunner -->
