<?xml version="1.0" encoding="UTF-8"?>
<!-- Generated by org.testng.reporters.JUnitReportReporter -->
<testsuite skipped="0" hostname="JMCHD2220" name="runner.JustDialRunner" tests="1" failures="0" timestamp="2020-06-19T13:18:59 IST" time="38.936" errors="0">
  <testcase name="runScenario" time="38.936" classname="runner.JustDialRunner"/>
  <system-out/>
</testsuite> <!-- runner.JustDialRunner -->
