<?xml version="1.0" encoding="UTF-8"?>
<!-- Generated by org.testng.reporters.JUnitReportReporter -->
<testsuite skipped="0" hostname="VIN-PC" name="runner.NaukriRunner" tests="1" failures="0" timestamp="2020-06-27T00:37:08 IST" time="67.434" errors="0">
  <testcase name="runScenario" time="67.434" classname="runner.NaukriRunner"/>
  <system-out/>
</testsuite> <!-- runner.NaukriRunner -->
