<?xml version="1.0" encoding="UTF-8"?>
<!-- Generated by org.testng.reporters.JUnitReportReporter -->
<testsuite skipped="0" hostname="VIN-PC" name="runner.SheinRunner" tests="1" failures="0" timestamp="2020-06-12T23:22:27 IST" time="80.386" errors="0">
  <testcase name="runScenario" time="80.386" classname="runner.SheinRunner"/>
  <system-out/>
</testsuite> <!-- runner.SheinRunner -->
