<?xml version="1.0" encoding="UTF-8"?>
<!-- Generated by org.testng.reporters.JUnitReportReporter -->
<testsuite skipped="0" hostname="VIN-PC" name="runner.ShopCluesRunner" tests="1" failures="0" timestamp="2020-06-12T00:06:54 IST" time="68.734" errors="0">
  <testcase name="runScenario" time="68.734" classname="runner.ShopCluesRunner"/>
  <system-out/>
</testsuite> <!-- runner.ShopCluesRunner -->
