<?xml version="1.0" encoding="UTF-8"?>
<!-- Generated by org.testng.reporters.JUnitReportReporter -->
<testsuite skipped="0" hostname="JMCHD2220" name="runner.BigBasketExamplesRunner" tests="3" failures="0" timestamp="2020-06-18T10:42:28 IST" time="416.143" errors="0">
  <testcase name="runScenario" time="147.387" classname="runner.BigBasketExamplesRunner"/>
  <system-out/>
  <testcase name="runScenario" time="130.085" classname="runner.BigBasketExamplesRunner"/>
  <system-out/>
  <testcase name="runScenario" time="138.671" classname="runner.BigBasketExamplesRunner"/>
  <system-out/>
</testsuite> <!-- runner.BigBasketExamplesRunner -->
