<?xml version="1.0" encoding="UTF-8"?>
<!-- Generated by org.testng.reporters.JUnitReportReporter -->
<testsuite skipped="0" hostname="VIN-PC" name="runner.TrivagoRunner" tests="1" failures="0" timestamp="2020-06-09T16:10:21 IST" time="102.400" errors="0">
  <testcase name="runScenario" time="102.400" classname="runner.TrivagoRunner"/>
  <system-out/>
</testsuite> <!-- runner.TrivagoRunner -->
