<?xml version="1.0" encoding="UTF-8"?>
<!-- Generated by org.testng.reporters.JUnitReportReporter -->
<testsuite skipped="1" hostname="JMCHD2220" name="runner.JustDialRunner" tests="1" failures="0" timestamp="2020-06-18T20:15:20 IST" time="0.470" errors="0">
  <testcase name="runScenario" time="0.470" classname="runner.JustDialRunner">
    <skipped/>
  </testcase> <!-- runScenario -->
  <system-out/>
</testsuite> <!-- runner.JustDialRunner -->
