<?xml version="1.0" encoding="UTF-8"?>
<!-- Generated by org.testng.reporters.JUnitReportReporter -->
<testsuite skipped="0" hostname="JMCHD2220" name="runner.CrmCloudRunner" tests="1" failures="0" timestamp="2020-06-18T18:55:23 IST" time="84.366" errors="0">
  <testcase name="runScenario" time="84.366" classname="runner.CrmCloudRunner"/>
  <system-out/>
</testsuite> <!-- runner.CrmCloudRunner -->
