<?xml version="1.0" encoding="UTF-8"?>
<!-- Generated by org.testng.reporters.JUnitReportReporter -->
<testsuite skipped="0" hostname="VIN-PC" name="runner.CarWaleRunner" tests="1" failures="0" timestamp="2020-06-05T12:07:38 IST" time="53.401" errors="0">
  <testcase name="runScenario" time="53.401" classname="runner.CarWaleRunner"/>
  <system-out/>
</testsuite> <!-- runner.CarWaleRunner -->
