<?xml version="1.0" encoding="UTF-8"?>
<!-- Generated by org.testng.reporters.JUnitReportReporter -->
<testsuite skipped="0" hostname="VIN-PC" name="runner.AjioRunner" tests="1" failures="0" timestamp="2020-06-10T00:01:47 IST" time="58.534" errors="0">
  <testcase name="runScenario" time="58.534" classname="runner.AjioRunner"/>
  <system-out/>
</testsuite> <!-- runner.AjioRunner -->
