<?xml version="1.0" encoding="UTF-8"?>
<!-- Generated by org.testng.reporters.JUnitReportReporter -->
<testsuite skipped="0" hostname="VIN-PC" name="runner.BigBasketRunner" tests="1" failures="0" timestamp="2020-06-11T01:04:59 IST" time="69.959" errors="0">
  <testcase name="runScenario" time="69.959" classname="runner.BigBasketRunner"/>
  <system-out/>
</testsuite> <!-- runner.BigBasketRunner -->
